                                      1 ;--------------------------------------------------------
                                      2 ; File Created by SDCC : free open source ANSI-C Compiler
                                      3 ; Version 3.6.0 #9615 (Mac OS X x86_64)
                                      4 ;--------------------------------------------------------
                                      5 	.module blinky
                                      6 	.optsdcc -mstm8
                                      7 	
                                      8 ;--------------------------------------------------------
                                      9 ; Public variables in this module
                                     10 ;--------------------------------------------------------
                                     11 	.globl _main
                                     12 	.globl _GPIO_WriteReverse
                                     13 	.globl _GPIO_Init
                                     14 	.globl _Delay
                                     15 ;--------------------------------------------------------
                                     16 ; ram data
                                     17 ;--------------------------------------------------------
                                     18 	.area DATA
                                     19 ;--------------------------------------------------------
                                     20 ; ram data
                                     21 ;--------------------------------------------------------
                                     22 	.area INITIALIZED
                                     23 ;--------------------------------------------------------
                                     24 ; Stack segment in internal ram 
                                     25 ;--------------------------------------------------------
                                     26 	.area	SSEG
      000000                         27 __start__stack:
      000000                         28 	.ds	1
                                     29 
                                     30 ;--------------------------------------------------------
                                     31 ; absolute external ram data
                                     32 ;--------------------------------------------------------
                                     33 	.area DABS (ABS)
                                     34 ;--------------------------------------------------------
                                     35 ; interrupt vector 
                                     36 ;--------------------------------------------------------
                                     37 	.area HOME
      000000                         38 __interrupt_vect:
      000000 82v00u00u00             39 	int s_GSINIT ;reset
      000004 82 00 00 00             40 	int 0x0000 ;trap
      000008 82 00 00 00             41 	int 0x0000 ;int0
      00000C 82 00 00 00             42 	int 0x0000 ;int1
      000010 82 00 00 00             43 	int 0x0000 ;int2
      000014 82 00 00 00             44 	int 0x0000 ;int3
      000018 82 00 00 00             45 	int 0x0000 ;int4
      00001C 82 00 00 00             46 	int 0x0000 ;int5
      000020 82 00 00 00             47 	int 0x0000 ;int6
      000024 82 00 00 00             48 	int 0x0000 ;int7
      000028 82 00 00 00             49 	int 0x0000 ;int8
      00002C 82 00 00 00             50 	int 0x0000 ;int9
      000030 82 00 00 00             51 	int 0x0000 ;int10
      000034 82 00 00 00             52 	int 0x0000 ;int11
      000038 82 00 00 00             53 	int 0x0000 ;int12
      00003C 82 00 00 00             54 	int 0x0000 ;int13
      000040 82 00 00 00             55 	int 0x0000 ;int14
      000044 82 00 00 00             56 	int 0x0000 ;int15
      000048 82 00 00 00             57 	int 0x0000 ;int16
      00004C 82 00 00 00             58 	int 0x0000 ;int17
      000050 82 00 00 00             59 	int 0x0000 ;int18
      000054 82 00 00 00             60 	int 0x0000 ;int19
      000058 82 00 00 00             61 	int 0x0000 ;int20
      00005C 82 00 00 00             62 	int 0x0000 ;int21
      000060 82 00 00 00             63 	int 0x0000 ;int22
      000064 82 00 00 00             64 	int 0x0000 ;int23
      000068 82 00 00 00             65 	int 0x0000 ;int24
      00006C 82 00 00 00             66 	int 0x0000 ;int25
      000070 82 00 00 00             67 	int 0x0000 ;int26
      000074 82 00 00 00             68 	int 0x0000 ;int27
      000078 82 00 00 00             69 	int 0x0000 ;int28
      00007C 82 00 00 00             70 	int 0x0000 ;int29
                                     71 ;--------------------------------------------------------
                                     72 ; global & static initialisations
                                     73 ;--------------------------------------------------------
                                     74 	.area HOME
                                     75 	.area GSINIT
                                     76 	.area GSFINAL
                                     77 	.area GSINIT
      000000                         78 __sdcc_gs_init_startup:
      000000                         79 __sdcc_init_data:
                                     80 ; stm8_genXINIT() start
      000000 AEr00r00         [ 2]   81 	ldw x, #l_DATA
      000003 27 07            [ 1]   82 	jreq	00002$
      000005                         83 00001$:
      000005 72 4FuFFuFF      [ 1]   84 	clr (s_DATA - 1, x)
      000009 5A               [ 2]   85 	decw x
      00000A 26 F9            [ 1]   86 	jrne	00001$
      00000C                         87 00002$:
      00000C AEr00r00         [ 2]   88 	ldw	x, #l_INITIALIZER
      00000F 27 09            [ 1]   89 	jreq	00004$
      000011                         90 00003$:
      000011 D6uFFuFF         [ 1]   91 	ld	a, (s_INITIALIZER - 1, x)
      000014 D7uFFuFF         [ 1]   92 	ld	(s_INITIALIZED - 1, x), a
      000017 5A               [ 2]   93 	decw	x
      000018 26 F7            [ 1]   94 	jrne	00003$
      00001A                         95 00004$:
                                     96 ; stm8_genXINIT() end
                                     97 	.area GSFINAL
      000000 CCr00r80         [ 2]   98 	jp	__sdcc_program_startup
                                     99 ;--------------------------------------------------------
                                    100 ; Home
                                    101 ;--------------------------------------------------------
                                    102 	.area HOME
                                    103 	.area HOME
      000080                        104 __sdcc_program_startup:
      000080 CCr00r00         [ 2]  105 	jp	_main
                                    106 ;	return from main will return to caller
                                    107 ;--------------------------------------------------------
                                    108 ; code
                                    109 ;--------------------------------------------------------
                                    110 	.area CODE
                                    111 ;	/Users/sanju/Downloads/STM8/STM8S_SPL/blinky.c: 55: void main(void)
                                    112 ;	-----------------------------------------
                                    113 ;	 function main
                                    114 ;	-----------------------------------------
      000000                        115 _main:
                                    116 ;	/Users/sanju/Downloads/STM8/STM8S_SPL/blinky.c: 59: GPIO_Init(LED_GPIO_PORT, (GPIO_Pin_TypeDef)LED_GPIO_PINS, GPIO_MODE_OUT_PP_LOW_FAST);
      000000 4B E0            [ 1]  117 	push	#0xe0
      000002 4B 20            [ 1]  118 	push	#0x20
      000004 4B 05            [ 1]  119 	push	#0x05
      000006 4B 50            [ 1]  120 	push	#0x50
      000008 CDr00r00         [ 4]  121 	call	_GPIO_Init
      00000B 5B 04            [ 2]  122 	addw	sp, #4
                                    123 ;	/Users/sanju/Downloads/STM8/STM8S_SPL/blinky.c: 61: while (1)
      00000D                        124 00102$:
                                    125 ;	/Users/sanju/Downloads/STM8/STM8S_SPL/blinky.c: 64: GPIO_WriteReverse(LED_GPIO_PORT, (GPIO_Pin_TypeDef)LED_GPIO_PINS);
      00000D 4B 20            [ 1]  126 	push	#0x20
      00000F 4B 05            [ 1]  127 	push	#0x05
      000011 4B 50            [ 1]  128 	push	#0x50
      000013 CDr00r00         [ 4]  129 	call	_GPIO_WriteReverse
      000016 5B 03            [ 2]  130 	addw	sp, #3
                                    131 ;	/Users/sanju/Downloads/STM8/STM8S_SPL/blinky.c: 65: Delay(0xFFFF);
      000018 4B FF            [ 1]  132 	push	#0xff
      00001A 4B FF            [ 1]  133 	push	#0xff
      00001C CDr00r33         [ 4]  134 	call	_Delay
      00001F 85               [ 2]  135 	popw	x
                                    136 ;	/Users/sanju/Downloads/STM8/STM8S_SPL/blinky.c: 66: Delay(0xFFFF);
      000020 4B FF            [ 1]  137 	push	#0xff
      000022 4B FF            [ 1]  138 	push	#0xff
      000024 CDr00r33         [ 4]  139 	call	_Delay
      000027 85               [ 2]  140 	popw	x
                                    141 ;	/Users/sanju/Downloads/STM8/STM8S_SPL/blinky.c: 67: Delay(0xFFFF);
      000028 4B FF            [ 1]  142 	push	#0xff
      00002A 4B FF            [ 1]  143 	push	#0xff
      00002C CDr00r33         [ 4]  144 	call	_Delay
      00002F 85               [ 2]  145 	popw	x
      000030 20 DB            [ 2]  146 	jra	00102$
      000032 81               [ 4]  147 	ret
                                    148 ;	/Users/sanju/Downloads/STM8/STM8S_SPL/blinky.c: 77: void Delay(uint16_t nCount)
                                    149 ;	-----------------------------------------
                                    150 ;	 function Delay
                                    151 ;	-----------------------------------------
      000033                        152 _Delay:
                                    153 ;	/Users/sanju/Downloads/STM8/STM8S_SPL/blinky.c: 80: while (nCount != 0)
      000033 1E 03            [ 2]  154 	ldw	x, (0x03, sp)
      000035                        155 00101$:
      000035 5D               [ 2]  156 	tnzw	x
      000036 26 01            [ 1]  157 	jrne	00115$
      000038 81               [ 4]  158 	ret
      000039                        159 00115$:
                                    160 ;	/Users/sanju/Downloads/STM8/STM8S_SPL/blinky.c: 82: nCount--;
      000039 5A               [ 2]  161 	decw	x
      00003A 20 F9            [ 2]  162 	jra	00101$
      00003C 81               [ 4]  163 	ret
                                    164 	.area CODE
                                    165 	.area INITIALIZER
                                    166 	.area CABS (ABS)
